Microsoft (R) Macro Assembler Version 14.33.31629.0	    09/18/22 22:27:53
assignment.asm						     Page 1 - 1



				.386 
				.model flat,stdcall
				.stack 4096
				ExitProcess proto,dwExitCode:dword
 00000000			.data
 00000000 00			myByte BYTE ? 
 00000001 0000			myWord WORD ?

 00000000			.code
 00000000			main proc
 00000000  B0 C8			mov al,200
 00000002  B4 C8			mov ah,200
 00000004  02 E0			add ah,al

				invoke ExitProcess , 0
 00000006  6A 00	   *	    push   +000000000h
 00000008  E8 00000000 E   *	    call   ExitProcess
 0000000D			main endp
				end main
Microsoft (R) Macro Assembler Version 14.33.31629.0	    09/18/22 22:27:53
assignment.asm						     Symbols 2 - 1




Segments and Groups:

                N a m e                 Size     Length   Align   Combine Class

FLAT . . . . . . . . . . . . . .	GROUP
STACK  . . . . . . . . . . . . .	32 Bit	 00001000 DWord	  Stack	  'STACK'	 
_DATA  . . . . . . . . . . . . .	32 Bit	 00000003 DWord	  Public  'DATA'	
_TEXT  . . . . . . . . . . . . .	32 Bit	 0000000D DWord	  Public  'CODE'	


Procedures, parameters, and locals:

                N a m e                 Type     Value    Attr

ExitProcess  . . . . . . . . . .	P Near	 00000000 FLAT	Length= 00000000 External STDCALL
main . . . . . . . . . . . . . .	P Near	 00000000 _TEXT	Length= 0000000D Public STDCALL


Symbols:

                N a m e                 Type     Value    Attr

@CodeSize  . . . . . . . . . . .	Number	 00000000h   
@DataSize  . . . . . . . . . . .	Number	 00000000h   
@Interface . . . . . . . . . . .	Number	 00000003h   
@Model . . . . . . . . . . . . .	Number	 00000007h   
@code  . . . . . . . . . . . . .	Text   	 _TEXT
@data  . . . . . . . . . . . . .	Text   	 FLAT
@fardata?  . . . . . . . . . . .	Text   	 FLAT
@fardata . . . . . . . . . . . .	Text   	 FLAT
@stack . . . . . . . . . . . . .	Text   	 FLAT
myByte . . . . . . . . . . . . .	Byte	 00000000 _DATA	
myWord . . . . . . . . . . . . .	Word	 00000001 _DATA	

	   0 Warnings
	   0 Errors
